<?xml version="1.0" encoding="UTF-8"?>
<!-- Generated by org.testng.reporters.JUnitXMLReporter -->
<testsuite ignored="0" hostname="DESKTOP-KSI83VH" failures="0" tests="6" name="Command line test" time="95.115" errors="0" timestamp="2022-06-28T11:45:30 IDT">
  <testcase classname="crudTest.ProductTest" name="testAddProduct" time="2.913"/>
  <testcase classname="crudTest.ProductTest" name="testDeleteProduct" time="7.294"/>
  <testcase classname="crudTest.ProductTest" name="testDeleteProductById" time="26.127"/>
  <testcase classname="crudTest.ProductTest" name="testGetProduct" time="4.924"/>
  <testcase classname="crudTest.ProductTest" name="testUpdateById" time="11.476"/>
  <testcase classname="crudTest.ProductTest" name="testUpdateProduct" time="15.18"/>
</testsuite> <!-- Command line test -->
