<?xml version="1.0" encoding="UTF-8" ?>
<testsuite tests="6" failures="0" name="crudTest.ProductTest" time="67.916" errors="0" skipped="0">
  <properties>
[...]
</properties>
  <testcase classname="crudTest.ProductTest" name="testAddProduct" time="2.915"/>
  <testcase classname="crudTest.ProductTest" name="testDeleteProduct" time="7.293"/>
  <testcase classname="crudTest.ProductTest" name="testDeleteProductById" time="26.127"/>
  <testcase classname="crudTest.ProductTest" name="testGetProduct" time="4.925"/>
  <testcase classname="crudTest.ProductTest" name="testUpdateById" time="11.476"/>
  <testcase classname="crudTest.ProductTest" name="testUpdateProduct" time="15.18"/>
</testsuite>