<?xml version="1.0" encoding="UTF-8"?>
<testng-results ignored="0" total="1" passed="1" failed="0" skipped="0">
  <reporter-output>
  </reporter-output>
  <suite started-at="2022-06-26T11:13:25 IDT" name="crudTest.ProductTest" finished-at="2022-06-26T11:18:20 IDT" duration-ms="294483">
    <groups>
    </groups>
    <test started-at="2022-06-26T11:13:25 IDT" name="Command line test" finished-at="2022-06-26T11:18:20 IDT" duration-ms="294483">
      <class name="crudTest.ProductTest">
        <test-method is-config="true" signature="setup()[pri:0, instance:crudTest.ProductTest@25b485ba]" started-at="2022-06-26T11:13:25 IDT" name="setup" finished-at="2022-06-26T11:13:30 IDT" duration-ms="5071" status="PASS">
          <reporter-output>
          </reporter-output>
        </test-method> <!-- setup -->
        <test-method signature="testDeleteProductById()[pri:0, instance:crudTest.ProductTest@25b485ba]" started-at="2022-06-26T11:13:30 IDT" name="testDeleteProductById" finished-at="2022-06-26T11:17:59 IDT" duration-ms="268984" status="PASS">
          <reporter-output>
          </reporter-output>
        </test-method> <!-- testDeleteProductById -->
        <test-method is-config="true" signature="finish()[pri:0, instance:crudTest.ProductTest@25b485ba]" started-at="2022-06-26T11:17:59 IDT" name="finish" finished-at="2022-06-26T11:18:20 IDT" duration-ms="20389" status="PASS">
          <reporter-output>
          </reporter-output>
        </test-method> <!-- finish -->
      </class> <!-- crudTest.ProductTest -->
    </test> <!-- Command line test -->
  </suite> <!-- crudTest.ProductTest -->
</testng-results>
