<?xml version="1.0" encoding="UTF-8"?>
<testng-results ignored="0" total="1" passed="1" failed="0" skipped="0">
  <reporter-output>
  </reporter-output>
  <suite started-at="2022-06-23T00:02:28 IDT" name="crudTest.ProductTest" finished-at="2022-06-23T00:07:46 IDT" duration-ms="318472">
    <groups>
    </groups>
    <test started-at="2022-06-23T00:02:28 IDT" name="Command line test" finished-at="2022-06-23T00:07:46 IDT" duration-ms="318472">
      <class name="crudTest.ProductTest">
        <test-method is-config="true" signature="setup()[pri:0, instance:crudTest.ProductTest@75c072cb]" started-at="2022-06-23T00:02:28 IDT" name="setup" finished-at="2022-06-23T00:02:34 IDT" duration-ms="6001" status="PASS">
          <reporter-output>
          </reporter-output>
        </test-method> <!-- setup -->
        <test-method signature="testUpdateProduct()[pri:0, instance:crudTest.ProductTest@75c072cb]" started-at="2022-06-23T00:02:34 IDT" name="testUpdateProduct" finished-at="2022-06-23T00:07:26 IDT" duration-ms="292153" status="PASS">
          <reporter-output>
          </reporter-output>
        </test-method> <!-- testUpdateProduct -->
        <test-method is-config="true" signature="finish()[pri:0, instance:crudTest.ProductTest@75c072cb]" started-at="2022-06-23T00:07:26 IDT" name="finish" finished-at="2022-06-23T00:07:46 IDT" duration-ms="20281" status="PASS">
          <reporter-output>
          </reporter-output>
        </test-method> <!-- finish -->
      </class> <!-- crudTest.ProductTest -->
    </test> <!-- Command line test -->
  </suite> <!-- crudTest.ProductTest -->
</testng-results>
