<?xml version="1.0" encoding="UTF-8" ?>
<testsuite tests="4" failures="2" name="crudTest.ProductTest" time="28.439" errors="0" skipped="0">
  <properties>
[...]
</properties>
  <testcase classname="crudTest.ProductTest" name="testAddProduct" time="2.76"/>
  <testcase classname="crudTest.ProductTest" name="testDeleteProduct" time="1.707">
    <failure message="For input string: &quot;item3&quot;" type="java.lang.NumberFormatException">java.lang.NumberFormatException: For input string: &quot;item3&quot;
	at java.base/java.lang.NumberFormatException.forInputString(NumberFormatException.java:67)
	at java.base/java.lang.Integer.parseInt(Integer.java:668)
	at java.base/java.lang.Integer.parseInt(Integer.java:784)
	at crud.ProductsPage.getLastId(ProductsPage.java:97)
	at crudTest.ProductTest.testDeleteProduct(ProductTest.java:71)
</failure>
  </testcase>
  <testcase classname="crudTest.ProductTest" name="testGetProduct" time="21.177"/>
  <testcase classname="crudTest.ProductTest" name="testUpdateProduct" time="2.795">
    <failure message="element click intercepted: Element &lt;button type=&quot;button&quot; name=&quot;ctl00$ContentPlaceholder1$RadGrid1$ctl00$ctl13$UpdateButton&quot; value=&quot;Update&quot; onclick=&quot;javascript:WebForm_DoPostBackWithOptions(new WebForm_PostBackOptions(&amp;quot;ctl00$ContentPlaceholder1$RadGrid1$ctl00$ctl13$UpdateButton&amp;quot;, &amp;quot;&amp;quot;, true, &amp;quot;&amp;quot;, &amp;quot;&amp;quot;, false, true))&quot; id=&quot;ctl00_ContentPlaceholder1_RadGrid1_ctl00_ctl13_UpdateButton&quot; title=&quot;Update&quot; class=&quot;t-button rgActionButton rgUpdate&quot;&gt;...&lt;/button&gt; is not clickable at point (337, 629). Other element would receive the click: &lt;div id=&quot;onetrust-banner-sdk&quot; class=&quot;otFlat bottom vertical-align-content&quot; role=&quot;dialog&quot; aria-labelledby=&quot;onetrust-policy-title&quot; aria-describedby=&quot;onetrust-policy-text&quot; tabindex=&quot;0&quot; style=&quot;bottom: 0px&quot;&gt;...&lt;/div&gt;
  (Session info: chrome=102.0.5005.63)
Build info: version: &apos;4.2.1&apos;, revision: &apos;ac4d0fdd4a&apos;
System info: host: &apos;DESKTOP-KSI83VH&apos;, ip: &apos;10.0.0.145&apos;, os.name: &apos;Windows 10&apos;, os.arch: &apos;amd64&apos;, os.version: &apos;10.0&apos;, java.version: &apos;18.0.1.1&apos;
Driver info: org.openqa.selenium.chrome.ChromeDriver
Command: [44fb2101e6d6e1d86cb08ab6b2c6a03a, clickElement {id=9b6cea42-3e38-41dd-b6b1-4c25ba3622c9}]
Capabilities {acceptInsecureCerts: false, browserName: chrome, browserVersion: 102.0.5005.63, chrome: {chromedriverVersion: 102.0.5005.61 (0e59bcc00cc4..., userDataDir: C:\Users\shapira\AppData\Lo...}, goog:chromeOptions: {debuggerAddress: localhost:51919}, networkConnectionEnabled: false, pageLoadStrategy: normal, platformName: WINDOWS, proxy: Proxy(), se:cdp: ws://localhost:51919/devtoo..., se:cdpVersion: 102.0.5005.63, setWindowRect: true, strictFileInteractability: false, timeouts: {implicit: 0, pageLoad: 300000, script: 30000}, unhandledPromptBehavior: dismiss and notify, webauthn:extension:credBlob: true, webauthn:extension:largeBlob: true, webauthn:virtualAuthenticators: true}
Element: [[ChromeDriver: chrome on WINDOWS (44fb2101e6d6e1d86cb08ab6b2c6a03a)] -&gt; xpath: //div[@class=&apos;rgEditForm&apos;]/button]
Session ID: 44fb2101e6d6e1d86cb08ab6b2c6a03a" type="org.openqa.selenium.ElementClickInterceptedException">org.openqa.selenium.ElementClickInterceptedException: element click intercepted: Element &lt;button type=&quot;button&quot; name=&quot;ctl00$ContentPlaceholder1$RadGrid1$ctl00$ctl13$UpdateButton&quot; value=&quot;Update&quot; onclick=&quot;javascript:WebForm_DoPostBackWithOptions(new WebForm_PostBackOptions(&amp;quot;ctl00$ContentPlaceholder1$RadGrid1$ctl00$ctl13$UpdateButton&amp;quot;, &amp;quot;&amp;quot;, true, &amp;quot;&amp;quot;, &amp;quot;&amp;quot;, false, true))&quot; id=&quot;ctl00_ContentPlaceholder1_RadGrid1_ctl00_ctl13_UpdateButton&quot; title=&quot;Update&quot; class=&quot;t-button rgActionButton rgUpdate&quot;&gt;...&lt;/button&gt; is not clickable at point (337, 629). Other element would receive the click: &lt;div id=&quot;onetrust-banner-sdk&quot; class=&quot;otFlat bottom vertical-align-content&quot; role=&quot;dialog&quot; aria-labelledby=&quot;onetrust-policy-title&quot; aria-describedby=&quot;onetrust-policy-text&quot; tabindex=&quot;0&quot; style=&quot;bottom: 0px&quot;&gt;...&lt;/div&gt;
  (Session info: chrome=102.0.5005.63)
Build info: version: &apos;4.2.1&apos;, revision: &apos;ac4d0fdd4a&apos;
System info: host: &apos;DESKTOP-KSI83VH&apos;, ip: &apos;10.0.0.145&apos;, os.name: &apos;Windows 10&apos;, os.arch: &apos;amd64&apos;, os.version: &apos;10.0&apos;, java.version: &apos;18.0.1.1&apos;
Driver info: org.openqa.selenium.chrome.ChromeDriver
Command: [44fb2101e6d6e1d86cb08ab6b2c6a03a, clickElement {id=9b6cea42-3e38-41dd-b6b1-4c25ba3622c9}]
Capabilities {acceptInsecureCerts: false, browserName: chrome, browserVersion: 102.0.5005.63, chrome: {chromedriverVersion: 102.0.5005.61 (0e59bcc00cc4..., userDataDir: C:\Users\shapira\AppData\Lo...}, goog:chromeOptions: {debuggerAddress: localhost:51919}, networkConnectionEnabled: false, pageLoadStrategy: normal, platformName: WINDOWS, proxy: Proxy(), se:cdp: ws://localhost:51919/devtoo..., se:cdpVersion: 102.0.5005.63, setWindowRect: true, strictFileInteractability: false, timeouts: {implicit: 0, pageLoad: 300000, script: 30000}, unhandledPromptBehavior: dismiss and notify, webauthn:extension:credBlob: true, webauthn:extension:largeBlob: true, webauthn:virtualAuthenticators: true}
Element: [[ChromeDriver: chrome on WINDOWS (44fb2101e6d6e1d86cb08ab6b2c6a03a)] -&gt; xpath: //div[@class=&apos;rgEditForm&apos;]/button]
Session ID: 44fb2101e6d6e1d86cb08ab6b2c6a03a
	at java.base/jdk.internal.reflect.DirectConstructorHandleAccessor.newInstance(DirectConstructorHandleAccessor.java:67)
	at java.base/java.lang.reflect.Constructor.newInstanceWithCaller(Constructor.java:499)
	at java.base/java.lang.reflect.Constructor.newInstance(Constructor.java:483)
	at org.openqa.selenium.remote.codec.w3c.W3CHttpResponseCodec.createException(W3CHttpResponseCodec.java:200)
	at org.openqa.selenium.remote.codec.w3c.W3CHttpResponseCodec.decode(W3CHttpResponseCodec.java:133)
	at org.openqa.selenium.remote.codec.w3c.W3CHttpResponseCodec.decode(W3CHttpResponseCodec.java:53)
	at org.openqa.selenium.remote.HttpCommandExecutor.execute(HttpCommandExecutor.java:184)
	at org.openqa.selenium.remote.service.DriverCommandExecutor.invokeExecute(DriverCommandExecutor.java:167)
	at org.openqa.selenium.remote.service.DriverCommandExecutor.execute(DriverCommandExecutor.java:142)
	at org.openqa.selenium.remote.RemoteWebDriver.execute(RemoteWebDriver.java:551)
	at org.openqa.selenium.remote.RemoteWebElement.execute(RemoteWebElement.java:257)
	at org.openqa.selenium.remote.RemoteWebElement.click(RemoteWebElement.java:78)
	at crud.ProductsPage.fillEditProdute(ProductsPage.java:66)
	at crud.ProductsPage.updateProduct(ProductsPage.java:254)
	at crudTest.ProductTest.testUpdateProduct(ProductTest.java:50)
</failure>
    <system-out>all items: 83
items per page: 10
pages number: 9
left: 3
</system-out>
  </testcase>
</testsuite>